========================================================================
READ_ASCII_FILE: unknown
READ_ASCII_FILE: File: input.nml
========================================================================
READ_INPUT_NML: unknown
READ_INPUT_NML: input.nml 
 &fv_core_nml
     adjust_dry_mass		=  .false.
     beta		=  0
     consv_am		=  .false.
     consv_te		=  0
     d2_bg		=  0
     d2_bg_k1		=  0.15D0
     d2_bg_k2		=  0.02D0
     d4_bg		=  0.15D0
     d_con		=  0
     d_ext		=  0
     dddmp		=  0.0D0
     delt_max		=  0.0D0
     dnats		=  0
     do_sat_adj		=  .false.
     do_vort_damp		=  .false.
     dwind_2d		=  .false.
     fill		=  .true.
     fv_debug		=  .false.
     fv_sg_adj		=  0
     grid_type		=  0
     hord_dp		=  -10
     hord_mt		=  10
     hord_tm		=  10
     hord_tr		=  8
     hord_vt		=  10
     hydrostatic		=  .true.
     k_split		=  2
     ke_bg		=  0
     kord_mt		=  9
     kord_tm		=  -9
     kord_tr		=  9
     kord_wz		=  9
     layout		= 8,8
     make_nh		=  .false.
     n_split		=  6
     n_sponge		=  0
     na_init		=  0
     ncnst		= 33
     no_dycore		=  .false.
     nord		=  3
     npx		=  97
     npy		=  97
     npz		= 32
     ntiles		=  6
     nwat		=  5
     print_freq		=  1
     range_warn		=  .false.
     rf_cutoff		=  750
     tau		=  10
     vtdm4		=  0.0D0
 /
 &fms_nml
     clock_grain		= 'LOOP'
     domains_stack_size		= 6000000
     print_memory_usage		= .true.
     stack_size		= 6000000
 /
 

MPP module unknown
MPP started with NPES=   384
Using MPI library for message passing...
Realtime clock resolution=  1.0000E-09 sec ( 999999999 ticks/sec)
Clock rolls over after   9.2234E+09 sec ( 9223372036854775806 ticks)

MPP Parameter module unknown

MPP Data module unknown

MPP_DOMAINS module unknown
 &MPP_IO_NML
 HEADER_BUFFER_VAL       =       16384,
 GLOBAL_FIELD_ON_ROOT_PE = T,
 IO_CLOCKS_ON    = F,
 SHUFFLE =           0,
 DEFLATE_LEVEL   =          -1,
 CF_COMPLIANCE   = F
 /

MPP_IO module unknown

Using netCDF library version 4.7.3 of Dec 18 2019 12:53:17 $

================================================================================
FMS_IO_MOD
unknown

================================================================================
FMS_MOD
unknown
 &FMS_NML
 READ_ALL_PE     = T,
 CLOCK_GRAIN     = LOOP            ,
 CLOCK_FLAGS     = NONE            ,
 WARNING_LEVEL   = warning ,
 IOSPEC_IEEE32   = -N ieee_32                                                      ,
 STACK_SIZE      =     6000000,
 DOMAINS_STACK_SIZE      =     6000000,
 PRINT_MEMORY_USAGE      = T
 /
 nml_error_codes=

================================================================================
CONSTANTS_MOD
unknown

================================================================================
FV_CONTROL_MOD
unknown
 &FV_GRID_NML
 GRID_NAME       =                                                                                 ,
 GRID_FILE       =                                                                                                                   
       
 /
 &FV_CORE_NML
 NPX     =          97,
 NPY     =          97,
 NTILES  =           6,
 NPZ     =          32,
 NPZ_RST =           0,
 LAYOUT  = 2*8,
 IO_LAYOUT       = 2*1,
 NCNST   =          33,
 NWAT    =           5,
 USE_LOGP        = F,
 P_FAC   =  5.000000000000000E-002,
 A_IMP   =  0.750000000000000     ,
 K_SPLIT =           2,
 N_SPLIT =           6,
 M_SPLIT =           0,
 Q_SPLIT =           0,
 PRINT_FREQ      =           1,
 WRITE_3D_DIAGS  = T,
 DO_SCHMIDT      = F,
 HORD_MT =          10,
 HORD_VT =          10,
 HORD_TM =          10,
 HORD_DP =         -10,
 HORD_TR =           8,
 SHIFT_FAC       =   18.0000000000000     ,
 STRETCH_FAC     =   1.00000000000000     ,
 TARGET_LAT      =  -90.0000000000000     ,
 TARGET_LON      =  0.000000000000000E+000,
 KORD_MT =           9,
 KORD_WZ =           9,
 KORD_TM =          -9,
 KORD_TR =           9,
 FV_DEBUG        = F,
 FV_LAND = F,
 NUDGE   = F,
 DO_SAT_ADJ      = F,
 DO_F3D  = F,
 EXTERNAL_IC     = F,
 READ_INCREMENT  = F,
 NCEP_IC = F,
 NGGPS_IC        = F,
 ECMWF_IC        = F,
 USE_NEW_NCEP    = F,
 USE_NCEP_PHY    = F,
 FV_DIAG_IC      = F,
 EXTERNAL_ETA    = F,
 RES_LATLON_DYNAMICS     =                                                                                                           
                       ,
 RES_LATLON_TRACERS      =                                                                                                           
                       ,
 SCALE_Z =  0.000000000000000E+000,
 W_MAX   =   75.0000000000000     ,
 Z_MIN   =  5.000000000000000E-002,
 LIM_FAC =   1.00000000000000     ,
 DDDMP   =  0.000000000000000E+000,
 D2_BG   =  0.000000000000000E+000,
 D4_BG   =  0.150000000000000     ,
 VTDM4   =  0.000000000000000E+000,
 TRDM2   =  0.000000000000000E+000,
 D_EXT   =  0.000000000000000E+000,
 DELT_MAX        =  0.000000000000000E+000,
 BETA    =  0.000000000000000E+000,
 NON_ORTHO       = T,
 N_SPONGE        =           0,
 WARM_START      = T,
 ADJUST_DRY_MASS = F,
 MOUNTAIN        = T,
 D_CON   =  0.000000000000000E+000,
 KE_BG   =  0.000000000000000E+000,
 NORD    =           3,
 NORD_TR =           0,
 CONVERT_KE      = F,
 USE_OLD_OMEGA   = T,
 DRY_MASS        =   98290.0000000000     ,
 GRID_TYPE       =           0,
 DO_HELD_SUAREZ  = F,
 DO_REED_PHYSICS = F,
 REED_COND_ONLY  = F,
 CONSV_TE        =  0.000000000000000E+000,
 FILL    = T,
 FILTER_PHYS     = F,
 FILL_DP = F,
 FILL_WZ = F,
 CONSV_AM        = F,
 RF_FAST = F,
 RANGE_WARN      = F,
 DWIND_2D        = F,
 INLINE_Q        = F,
 Z_TRACER        = F,
 REPRODUCE_SUM   = T,
 ADIABATIC       = F,
 DO_VORT_DAMP    = F,
 NO_DYCORE       = F,
 TAU     =   10.0000000000000     ,
 TAU_H2O =  0.000000000000000E+000,
 RF_CUTOFF       =   750.000000000000     ,
 NF_OMEGA        =           1,
 HYDROSTATIC     = T,
 FV_SG_ADJ       =           0,
 BREED_VORTEX_INLINE     = F,
 NA_INIT =           0,
 NUDGE_DZ        = F,
 HYBRID_Z        = F,
 MAKE_NH = F,
 N_ZS_FILTER     =           0,
 NORD_ZS_FILTER  =           4,
 FULL_ZS_FILTER  = F,
 RESET_ETA       = F,
 PNATS   =           0,
 DNATS   =           0,
 A2B_ORD =           4,
 REMAP_T = T,
 P_REF   =   100000.000000000     ,
 D2_BG_K1        =  0.150000000000000     ,
 D2_BG_K2        =  2.000000000000000E-002,
 C2L_ORD =           4,
 DX_CONST        =   1000.00000000000     ,
 DY_CONST        =   1000.00000000000     ,
 UMAX    =   350.000000000000     ,
 DEGLAT  =   15.0000000000000     ,
 DEGLON_START    =  -30.0000000000000     ,
 DEGLON_STOP     =   30.0000000000000     ,
 DEGLAT_START    =  -30.0000000000000     ,
 DEGLAT_STOP     =   30.0000000000000     ,
 PHYS_HYDROSTATIC        = T,
 USE_HYDRO_PRESSURE      = F,
 MAKE_HYBRID_Z   = F,
 OLD_DIVG_DAMP   = F,
 ADD_NOISE       =  -1.00000000000000     ,
 NESTED  = F,
 TWOWAYNEST      = F,
 PARENT_GRID_NUM =          -1,
 PARENT_TILE     =           1,
 NUDGE_QV        = F,
 REFINEMENT      =           3,
 NESTBCTYPE      =           1,
 NESTUPDATE      =           0,
 NSPONGE =           0,
 S_WEIGHT        =  1.000000000000000E-006,
 IOFFSET =           0,
 JOFFSET =           0,
 CHECK_NEGATIVE  = F,
 NUDGE_IC        = F,
 HALO_UPDATE_TYPE        =           1,
 GFS_PHIL        = F,
 AGRID_VEL_RST   = F,
 DO_UNI_ZFULL    = F,
 ADJ_MASS_VMR    = F,
 FAC_N_SPL       =   1.00000000000000     ,
 FHOURI  =  0.000000000000000E+000,
 REGIONAL        = F,
 BC_UPDATE_INTERVAL      =           3
 /
 &TEST_CASE_NML
 TEST_CASE       =          11,
 BUBBLE_DO       = F,
 ALPHA   =  0.000000000000000E+000,
 NSOLITONS       =           0,
 SOLITON_UMAX    =   50.0000000000000     ,
 SOLITON_SIZE    =   750000.000000000     
 /

Cubic: cubed-sphere domain decomposition:     8 X    8
   pe,   is,  ie,  js,  je,    isd, ied, jsd, jed

Cubic: cubed-sphere domain decomposition:     8 X    8
   pe,   is,  ie,  js,  je,    isd, ied, jsd, jed

================================================================================
$Id$
$Name$

================================================================================
TRACER_MANAGER_MOD
unknown

================================================================================
FIELD_MANAGER_MOD
unknown
"tracer" "atmos_mod" "sphum" /                                                                                                                                                                                                                                                                                                                                                                                                                                                                                                                                                                                                                                                                                                                                                                                                                                                                                                                                                                                                                                  
"tracer" "atmos_mod" "liq_wat" /                                                                                                                                                                                                                                                                                                                                                                                                                                                                                                                                                                                                                                                                                                                                                                                                                                                                                                                                                                                                                                
"tracer" "atmos_mod" "ice_wat" /                                                                                                                                                                                                                                                                                                                                                                                                                                                                                                                                                                                                                                                                                                                                                                                                                                                                                                                                                                                                                                
"tracer" "atmos_mod" "rainwat" /                                                                                                                                                                                                                                                                                                                                                                                                                                                                                                                                                                                                                                                                                                                                                                                                                                                                                                                                                                                                                                
"tracer" "atmos_mod" "snowwat" /                                                                                                                                                                                                                                                                                                                                                                                                                                                                                                                                                                                                                                                                                                                                                                                                                                                                                                                                                                                                                                
"tracer" "atmos_mod" "NUMLIQ" /                                                                                                                                                                                                                                                                                                                                                                                                                                                                                                                                                                                                                                                                                                                                                                                                                                                                                                                                                                                                                                 
"tracer" "atmos_mod" "NUMICE" /                                                                                                                                                                                                                                                                                                                                                                                                                                                                                                                                                                                                                                                                                                                                                                                                                                                                                                                                                                                                                                 
"tracer" "atmos_mod" "NUMRAI" /                                                                                                                                                                                                                                                                                                                                                                                                                                                                                                                                                                                                                                                                                                                                                                                                                                                                                                                                                                                                                                 
"tracer" "atmos_mod" "NUMSNO" /                                                                                                                                                                                                                                                                                                                                                                                                                                                                                                                                                                                                                                                                                                                                                                                                                                                                                                                                                                                                                                 
"tracer" "atmos_mod" "H2O2" /                                                                                                                                                                                                                                                                                                                                                                                                                                                                                                                                                                                                                                                                                                                                                                                                                                                                                                                                                                                                                                   
"tracer" "atmos_mod" "H2SO4" /                                                                                                                                                                                                                                                                                                                                                                                                                                                                                                                                                                                                                                                                                                                                                                                                                                                                                                                                                                                                                                  
"tracer" "atmos_mod" "SO2" /                                                                                                                                                                                                                                                                                                                                                                                                                                                                                                                                                                                                                                                                                                                                                                                                                                                                                                                                                                                                                                    
"tracer" "atmos_mod" "DMS" /                                                                                                                                                                                                                                                                                                                                                                                                                                                                                                                                                                                                                                                                                                                                                                                                                                                                                                                                                                                                                                    
"tracer" "atmos_mod" "SOAG" /                                                                                                                                                                                                                                                                                                                                                                                                                                                                                                                                                                                                                                                                                                                                                                                                                                                                                                                                                                                                                                   
"tracer" "atmos_mod" "so4_a1" /                                                                                                                                                                                                                                                                                                                                                                                                                                                                                                                                                                                                                                                                                                                                                                                                                                                                                                                                                                                                                                 
"tracer" "atmos_mod" "pom_a1" /                                                                                                                                                                                                                                                                                                                                                                                                                                                                                                                                                                                                                                                                                                                                                                                                                                                                                                                                                                                                                                 
"tracer" "atmos_mod" "soa_a1" /                                                                                                                                                                                                                                                                                                                                                                                                                                                                                                                                                                                                                                                                                                                                                                                                                                                                                                                                                                                                                                 
"tracer" "atmos_mod" "bc_a1" /                                                                                                                                                                                                                                                                                                                                                                                                                                                                                                                                                                                                                                                                                                                                                                                                                                                                                                                                                                                                                                  
"tracer" "atmos_mod" "dst_a1" /                                                                                                                                                                                                                                                                                                                                                                                                                                                                                                                                                                                                                                                                                                                                                                                                                                                                                                                                                                                                                                 
"tracer" "atmos_mod" "ncl_a1" /                                                                                                                                                                                                                                                                                                                                                                                                                                                                                                                                                                                                                                                                                                                                                                                                                                                                                                                                                                                                                                 
"tracer" "atmos_mod" "num_a1" /                                                                                                                                                                                                                                                                                                                                                                                                                                                                                                                                                                                                                                                                                                                                                                                                                                                                                                                                                                                                                                 
"tracer" "atmos_mod" "so4_a2" /                                                                                                                                                                                                                                                                                                                                                                                                                                                                                                                                                                                                                                                                                                                                                                                                                                                                                                                                                                                                                                 
"tracer" "atmos_mod" "dst_a2" /                                                                                                                                                                                                                                                                                                                                                                                                                                                                                                                                                                                                                                                                                                                                                                                                                                                                                                                                                                                                                                 
"tracer" "atmos_mod" "soa_a2" /                                                                                                                                                                                                                                                                                                                                                                                                                                                                                                                                                                                                                                                                                                                                                                                                                                                                                                                                                                                                                                 
"tracer" "atmos_mod" "ncl_a2" /                                                                                                                                                                                                                                                                                                                                                                                                                                                                                                                                                                                                                                                                                                                                                                                                                                                                                                                                                                                                                                 
"tracer" "atmos_mod" "num_a2" /                                                                                                                                                                                                                                                                                                                                                                                                                                                                                                                                                                                                                                                                                                                                                                                                                                                                                                                                                                                                                                 
"tracer" "atmos_mod" "dst_a3" /                                                                                                                                                                                                                                                                                                                                                                                                                                                                                                                                                                                                                                                                                                                                                                                                                                                                                                                                                                                                                                 
"tracer" "atmos_mod" "ncl_a3" /                                                                                                                                                                                                                                                                                                                                                                                                                                                                                                                                                                                                                                                                                                                                                                                                                                                                                                                                                                                                                                 
"tracer" "atmos_mod" "so4_a3" /                                                                                                                                                                                                                                                                                                                                                                                                                                                                                                                                                                                                                                                                                                                                                                                                                                                                                                                                                                                                                                 
"tracer" "atmos_mod" "num_a3" /                                                                                                                                                                                                                                                                                                                                                                                                                                                                                                                                                                                                                                                                                                                                                                                                                                                                                                                                                                                                                                 
"tracer" "atmos_mod" "pom_a4" /                                                                                                                                                                                                                                                                                                                                                                                                                                                                                                                                                                                                                                                                                                                                                                                                                                                                                                                                                                                                                                 
"tracer" "atmos_mod" "bc_a4" /                                                                                                                                                                                                                                                                                                                                                                                                                                                                                                                                                                                                                                                                                                                                                                                                                                                                                                                                                                                                                                  
"tracer" "atmos_mod" "num_a4" /                                                                                                                                                                                                                                                                                                                                                                                                                                                                                                                                                                                                                                                                                                                                                                                                                                                                                                                                                                                                                                 
 ----------------------------------------------------
 Contents of tracer entry            1
 Model type and field name
 Model                :            1
 Field name           : sphum
 Tracer units         : none
 Tracer longname      : sphum
 Tracer is_prognostic :  T
 ----------------------------------------------------
 ----------------------------------------------------
 Contents of tracer entry            2
 Model type and field name
 Model                :            1
 Field name           : liq_wat
 Tracer units         : none
 Tracer longname      : liq_wat
 Tracer is_prognostic :  T
 ----------------------------------------------------
 ----------------------------------------------------
 Contents of tracer entry            3
 Model type and field name
 Model                :            1
 Field name           : ice_wat
 Tracer units         : none
 Tracer longname      : ice_wat
 Tracer is_prognostic :  T
 ----------------------------------------------------
 ----------------------------------------------------
 Contents of tracer entry            4
 Model type and field name
 Model                :            1
 Field name           : rainwat
 Tracer units         : none
 Tracer longname      : rainwat
 Tracer is_prognostic :  T
 ----------------------------------------------------
 ----------------------------------------------------
 Contents of tracer entry            5
 Model type and field name
 Model                :            1
 Field name           : snowwat
 Tracer units         : none
 Tracer longname      : snowwat
 Tracer is_prognostic :  T
 ----------------------------------------------------
 ----------------------------------------------------
 Contents of tracer entry            6
 Model type and field name
 Model                :            1
 Field name           : numliq
 Tracer units         : none
 Tracer longname      : numliq
 Tracer is_prognostic :  T
 ----------------------------------------------------
 ----------------------------------------------------
 Contents of tracer entry            7
 Model type and field name
 Model                :            1
 Field name           : numice
 Tracer units         : none
 Tracer longname      : numice
 Tracer is_prognostic :  T
 ----------------------------------------------------
 ----------------------------------------------------
 Contents of tracer entry            8
 Model type and field name
 Model                :            1
 Field name           : numrai
 Tracer units         : none
 Tracer longname      : numrai
 Tracer is_prognostic :  T
 ----------------------------------------------------
 ----------------------------------------------------
 Contents of tracer entry            9
 Model type and field name
 Model                :            1
 Field name           : numsno
 Tracer units         : none
 Tracer longname      : numsno
 Tracer is_prognostic :  T
 ----------------------------------------------------
 ----------------------------------------------------
 Contents of tracer entry           10
 Model type and field name
 Model                :            1
 Field name           : h2o2
 Tracer units         : none
 Tracer longname      : h2o2
 Tracer is_prognostic :  T
 ----------------------------------------------------
 ----------------------------------------------------
 Contents of tracer entry           11
 Model type and field name
 Model                :            1
 Field name           : h2so4
 Tracer units         : none
 Tracer longname      : h2so4
 Tracer is_prognostic :  T
 ----------------------------------------------------
 ----------------------------------------------------
 Contents of tracer entry           12
 Model type and field name
 Model                :            1
 Field name           : so2
 Tracer units         : none
 Tracer longname      : so2
 Tracer is_prognostic :  T
 ----------------------------------------------------
 ----------------------------------------------------
 Contents of tracer entry           13
 Model type and field name
 Model                :            1
 Field name           : dms
 Tracer units         : none
 Tracer longname      : dms
 Tracer is_prognostic :  T
 ----------------------------------------------------
 ----------------------------------------------------
 Contents of tracer entry           14
 Model type and field name
 Model                :            1
 Field name           : soag
 Tracer units         : none
 Tracer longname      : soag
 Tracer is_prognostic :  T
 ----------------------------------------------------
 ----------------------------------------------------
 Contents of tracer entry           15
 Model type and field name
 Model                :            1
 Field name           : so4_a1
 Tracer units         : none
 Tracer longname      : so4_a1
 Tracer is_prognostic :  T
 ----------------------------------------------------
 ----------------------------------------------------
 Contents of tracer entry           16
 Model type and field name
 Model                :            1
 Field name           : pom_a1
 Tracer units         : none
 Tracer longname      : pom_a1
 Tracer is_prognostic :  T
 ----------------------------------------------------
 ----------------------------------------------------
 Contents of tracer entry           17
 Model type and field name
 Model                :            1
 Field name           : soa_a1
 Tracer units         : none
 Tracer longname      : soa_a1
 Tracer is_prognostic :  T
 ----------------------------------------------------
 ----------------------------------------------------
 Contents of tracer entry           18
 Model type and field name
 Model                :            1
 Field name           : bc_a1
 Tracer units         : none
 Tracer longname      : bc_a1
 Tracer is_prognostic :  T
 ----------------------------------------------------
 ----------------------------------------------------
 Contents of tracer entry           19
 Model type and field name
 Model                :            1
 Field name           : dst_a1
 Tracer units         : none
 Tracer longname      : dst_a1
 Tracer is_prognostic :  T
 ----------------------------------------------------
 ----------------------------------------------------
 Contents of tracer entry           20
 Model type and field name
 Model                :            1
 Field name           : ncl_a1
 Tracer units         : none
 Tracer longname      : ncl_a1
 Tracer is_prognostic :  T
 ----------------------------------------------------
 ----------------------------------------------------
 Contents of tracer entry           21
 Model type and field name
 Model                :            1
 Field name           : num_a1
 Tracer units         : none
 Tracer longname      : num_a1
 Tracer is_prognostic :  T
 ----------------------------------------------------
 ----------------------------------------------------
 Contents of tracer entry           22
 Model type and field name
 Model                :            1
 Field name           : so4_a2
 Tracer units         : none
 Tracer longname      : so4_a2
 Tracer is_prognostic :  T
 ----------------------------------------------------
 ----------------------------------------------------
 Contents of tracer entry           23
 Model type and field name
 Model                :            1
 Field name           : dst_a2
 Tracer units         : none
 Tracer longname      : dst_a2
 Tracer is_prognostic :  T
 ----------------------------------------------------
 ----------------------------------------------------
 Contents of tracer entry           24
 Model type and field name
 Model                :            1
 Field name           : soa_a2
 Tracer units         : none
 Tracer longname      : soa_a2
 Tracer is_prognostic :  T
 ----------------------------------------------------
 ----------------------------------------------------
 Contents of tracer entry           25
 Model type and field name
 Model                :            1
 Field name           : ncl_a2
 Tracer units         : none
 Tracer longname      : ncl_a2
 Tracer is_prognostic :  T
 ----------------------------------------------------
 ----------------------------------------------------
 Contents of tracer entry           26
 Model type and field name
 Model                :            1
 Field name           : num_a2
 Tracer units         : none
 Tracer longname      : num_a2
 Tracer is_prognostic :  T
 ----------------------------------------------------
 ----------------------------------------------------
 Contents of tracer entry           27
 Model type and field name
 Model                :            1
 Field name           : dst_a3
 Tracer units         : none
 Tracer longname      : dst_a3
 Tracer is_prognostic :  T
 ----------------------------------------------------
 ----------------------------------------------------
 Contents of tracer entry           28
 Model type and field name
 Model                :            1
 Field name           : ncl_a3
 Tracer units         : none
 Tracer longname      : ncl_a3
 Tracer is_prognostic :  T
 ----------------------------------------------------
 ----------------------------------------------------
 Contents of tracer entry           29
 Model type and field name
 Model                :            1
 Field name           : so4_a3
 Tracer units         : none
 Tracer longname      : so4_a3
 Tracer is_prognostic :  T
 ----------------------------------------------------
 ----------------------------------------------------
 Contents of tracer entry           30
 Model type and field name
 Model                :            1
 Field name           : num_a3
 Tracer units         : none
 Tracer longname      : num_a3
 Tracer is_prognostic :  T
 ----------------------------------------------------
 ----------------------------------------------------
 Contents of tracer entry           31
 Model type and field name
 Model                :            1
 Field name           : pom_a4
 Tracer units         : none
 Tracer longname      : pom_a4
 Tracer is_prognostic :  T
 ----------------------------------------------------
 ----------------------------------------------------
 Contents of tracer entry           32
 Model type and field name
 Model                :            1
 Field name           : bc_a4
 Tracer units         : none
 Tracer longname      : bc_a4
 Tracer is_prognostic :  T
 ----------------------------------------------------
 ----------------------------------------------------
 Contents of tracer entry           33
 Model type and field name
 Model                :            1
 Field name           : num_a4
 Tracer units         : none
 Tracer longname      : num_a4
 Tracer is_prognostic :  T
 ----------------------------------------------------
Number of tracers in field table for atmospheric model =   33
Number of tracers in field table for oceanic model =    0
Number of tracers in field table for land model =    0
Number of tracers in field table for ice model =    0
Number of tracers in field table for coupler model =    0
