(docn_comp_init)  decomp     = 1d
(docn_comp_init)  restfilm   = undefined
(docn_comp_init)  restfils   = undefined
(docn_comp_init)  force_prognostic_true =  F
  sst_constant_value    =   -1.00000000000000     
(shr_strdata_readnml) reading input namelist file: docn_in
(shr_stream_init) Reading file docn.streams.txt.prescribed
(shr_file_freeUnit) unit   94 was not in use
(docn_comp_init)  docn datamode = SSTDATA
 (shr_strdata_init_streams)  stream            1
 (shr_strdata_init_streams)  filePath =            1 
 /glade/p/cesmdata/cseg/inputdata/ocn/docn7/
 (shr_strdata_init_streams)  fileName =            1 
 /glade/p/cesmdata/cseg/inputdata/ocn/docn7/domain.ocn.1x1.111007.nc
 (shr_strdata_init_streams)  timeName =            1 time
 (shr_strdata_init_streams)   lonName =            1 xc
 (shr_strdata_init_streams)   latName =            1 yc
 (shr_strdata_init_streams)   hgtName =            1 unknownname
 (shr_strdata_init_streams)  maskName =            1 mask
 (shr_strdata_init_streams)  areaName =            1 area
(shr_strdata_init_mapping)  calling shr_dmodel_mapSet for fill
(shr_strdata_init_mapping)  calling shr_dmodel_mapSet for remap
(shr_strdata_print) ----------------------------------------------------------
(shr_strdata_print) name        = SDOCN data
(shr_strdata_print) dataMode    = SSTDATA
(shr_strdata_print) domainFile  = /glade/p/cesmdata/cseg/inputdata/share/domains/domain.ocn.ne30_gx1v7.171003.nc
(shr_strdata_print) nxg         =  48602
(shr_strdata_print) nyg         =      1
(shr_strdata_print) nzg         =     -1
(shr_strdata_print) calendar    = NO_LEAP
(shr_strdata_print) io_type     =      1
(shr_strdata_print) eccen       =  1.000000E+36
(shr_strdata_print) mvelpp      =  1.000000E+36
(shr_strdata_print) lambm0      =  1.000000E+36
(shr_strdata_print) obliqr      =  1.000000E+36
(shr_strdata_print) nstreams    =      1
(shr_strdata_print) pio_iotype  =      1
(shr_strdata_print)   streams ( 1) = docn.streams.txt.prescribed 1 0 0
(shr_strdata_print)   taxMode ( 1) = cycle
(shr_strdata_print)   dtlimit ( 1) =  1.500000E+00
(shr_strdata_print)   strnxg  ( 1) =    360
(shr_strdata_print)   strnyg  ( 1) =    180
(shr_strdata_print)   strnzg  ( 1) =     -1
(shr_strdata_print)   dofill  ( 1) =  T
(shr_strdata_print)   fillalgo( 1) = nn
(shr_strdata_print)   fillmask( 1) = nomask
(shr_strdata_print)   fillread( 1) = NOT_SET
(shr_strdata_print)   fillwrit( 1) = NOT_SET
(shr_strdata_print)   domaps  ( 1) =  T
(shr_strdata_print)   mapalgo ( 1) = bilinear
(shr_strdata_print)   mapmask ( 1) = dstmask
(shr_strdata_print)   mapread ( 1) = NOT_SET
(shr_strdata_print)   mapwrit ( 1) = NOT_SET
(shr_strdata_print)   tintalgo( 1) = linear
(shr_strdata_print)   readmode( 1) = single
(shr_strdata_print)  
(shr_strdata_print) nvectors    =      0
(shr_strdata_print) ----------------------------------------------------------
(docn_comp_init)  initialize gsmaps
(docn_comp_init) copy domains
(docn_comp_init) allocate AVs
(shr_dmodel_readstrm) open   : /glade/p/cesmdata/cseg/inputdata/atm/cam/sst/sst_HadOIBl_bc_1x1_2000climo_c180511.nc
(shr_dmodel_readstrm) file lb: /glade/p/cesmdata/cseg/inputdata/atm/cam/sst/sst_HadOIBl_bc_1x1_2000climo_c180511.nc      12
(shr_dmodel_readstrm) file ub: /glade/p/cesmdata/cseg/inputdata/atm/cam/sst/sst_HadOIBl_bc_1x1_2000climo_c180511.nc       1
(docn_comp_run) ocn: model date    10101       0s
(docn_comp_init) docn_comp_init done
 initial diag:AV
(mct_aVect_info) local size =      109
(mct_aVect_info) rList = So_t:So_s:So_u:So_v:So_dhdx:So_dhdy:So_bldepth:So_fswpen:Fioo_q
(mct_aVect_info) l min/max   2.840E+02  2.952E+02  So_t
(mct_aVect_info) l min/max   3.470E+01  3.470E+01  So_s
(mct_aVect_info) l min/max   0.000E+00  0.000E+00  So_u
(mct_aVect_info) l min/max   0.000E+00  0.000E+00  So_v
(mct_aVect_info) l min/max   0.000E+00  0.000E+00  So_dhdx
(mct_aVect_info) l min/max   0.000E+00  0.000E+00  So_dhdy
(mct_aVect_info) l min/max   0.000E+00  0.000E+00  So_bldepth
(mct_aVect_info) l min/max   3.100E-01  3.100E-01  So_fswpen
(mct_aVect_info) l min/max   0.000E+00  0.000E+00  Fioo_q
(docn_comp_init) docn_comp_init done
(docn_comp_run)  writing regr_energy_FX2000_ne30_ne30_mg17.docn.rs1.0001-01-01-00600.bin   10101     600s
(shr_stream_restWrite) case name        : regr_energy_FX2000_ne30_ne30_mg17
(shr_stream_restWrite) case description : SDOCN strdata
(shr_stream_restWrite) File created     : 2021-04-20 11:35:27
(shr_stream_restWrite) Number of streams     1
(shr_stream_restWrite) * stream     1 first file name = sst_HadOIBl_bc_1x1_2000climo_c180511.nc
(shr_stream_restWrite) * stream     1 first have data =   T
(shr_stream_restWrite) * stream     1 first nt        =       12
(shr_stream_restWrite) * stream     1 first date secs =      116   43200
(shr_stream_restWrite) * stream     1 last  date secs =     1216   43200
(docn_comp_run) ocn: model date    10101     600s
 run diag:AV
(mct_aVect_info) local size =      109
(mct_aVect_info) rList = So_t:So_s:So_u:So_v:So_dhdx:So_dhdy:So_bldepth:So_fswpen:Fioo_q
(mct_aVect_info) l min/max   2.840E+02  2.952E+02  So_t
(mct_aVect_info) l min/max   3.470E+01  3.470E+01  So_s
(mct_aVect_info) l min/max   0.000E+00  0.000E+00  So_u
(mct_aVect_info) l min/max   0.000E+00  0.000E+00  So_v
(mct_aVect_info) l min/max   0.000E+00  0.000E+00  So_dhdx
(mct_aVect_info) l min/max   0.000E+00  0.000E+00  So_dhdy
(mct_aVect_info) l min/max   0.000E+00  0.000E+00  So_bldepth
(mct_aVect_info) l min/max   3.100E-01  3.100E-01  So_fswpen
(mct_aVect_info) l min/max   0.000E+00  0.000E+00  Fioo_q
(docn_comp_final) -------------------------------------------------------------------------
(docn_comp_final) ocn: end of main integration loop
(docn_comp_final) -------------------------------------------------------------------------
